<?xml version="1.0" encoding="UTF-8"?>
<testsuite name="com.krish.hms.model.helper.HelperFunctionTest" tests="1" skipped="0" failures="0" errors="0" timestamp="2022-01-18T19:16:03" hostname="DESKTOP-AUD75BE" time="0.058">
  <properties/>
  <testcase name="testGetDate()" classname="com.krish.hms.model.helper.HelperFunctionTest" time="0.058"/>
  <system-out><![CDATA[]]></system-out>
  <system-err><![CDATA[]]></system-err>
</testsuite>
